app/build/outputs/logs/manifest-merger-debug-report.txt
-- Merging decision tree log ---
manifest
ADDED from src\main\AndroidManifest.xml:2:1-55:12
	xmlns:android
		ADDED from src\main\AndroidManifest.xml:2:11-69
	package
		ADDED from src\main\AndroidManifest.xml:3:5-35
		INJECTED from src\main\AndroidManifest.xml
		INJECTED from src\main\AndroidManifest.xml
	android:versionName
		ADDED from src\main\AndroidManifest.xml:5:5-30
	android:versionCode
		ADDED from src\main\AndroidManifest.xml:4:5-28
		INJECTED from src\main\AndroidManifest.xml
		INJECTED from src\main\AndroidManifest.xml
uses-sdk
ADDED from src\main\AndroidManifest.xml:7:5-9:41
	android:targetSdkVersion
		ADDED from src\main\AndroidManifest.xml:9:9-38
		INJECTED from src\main\AndroidManifest.xml
		INJECTED from src\main\AndroidManifest.xml
	android:minSdkVersion
		ADDED from src\main\AndroidManifest.xml:8:9-35
		INJECTED from src\main\AndroidManifest.xml
		INJECTED from src\main\AndroidManifest.xml
uses-permission#android.permission.GET_ACCOUNTS
ADDED from src\main\AndroidManifest.xml:11:5-71
	android:name
		ADDED from src\main\AndroidManifest.xml:11:22-68
uses-permission#android.permission.USE_CREDENTIALS
ADDED from src\main\AndroidManifest.xml:12:5-74
	android:name
		ADDED from src\main\AndroidManifest.xml:12:22-71
uses-permission#android.permission.MANAGE_ACCOUNTS
ADDED from src\main\AndroidManifest.xml:13:5-74
	android:name
		ADDED from src\main\AndroidManifest.xml:13:22-71
uses-permission#android.permission.AUTHENTICATE_ACCOUNTS
ADDED from src\main\AndroidManifest.xml:14:5-80
	android:name
		ADDED from src\main\AndroidManifest.xml:14:22-77
uses-permission#android.permission.ACCESS_NETWORK_STATE
ADDED from src\main\AndroidManifest.xml:15:5-79
	android:name
		ADDED from src\main\AndroidManifest.xml:15:22-76
uses-permission#android.permission.INTERNET
ADDED from src\main\AndroidManifest.xml:16:5-67
	android:name
		ADDED from src\main\AndroidManifest.xml:16:22-64
uses-permission#com.android.launcher.permission.READ_SETTINGS
ADDED from src\main\AndroidManifest.xml:17:5-85
	android:name
		ADDED from src\main\AndroidManifest.xml:17:22-82
uses-permission#android.permission.CHANGE_WIFI_STATE
ADDED from src\main\AndroidManifest.xml:18:5-76
	android:name
		ADDED from src\main\AndroidManifest.xml:18:22-73
uses-permission#android.permission.ACCESS_WIFI_STATE
ADDED from src\main\AndroidManifest.xml:19:5-76
	android:name
		ADDED from src\main\AndroidManifest.xml:19:22-73
uses-permission#android.permission.READ_PHONE_STATE
ADDED from src\main\AndroidManifest.xml:20:5-75
	android:name
		ADDED from src\main\AndroidManifest.xml:20:22-72
uses-permission#android.permission.WRITE_EXTERNAL_STORAGE
ADDED from src\main\AndroidManifest.xml:21:5-81
	android:name
		ADDED from src\main\AndroidManifest.xml:21:22-78
uses-permission#android.permission.BROADCAST_STICKY
ADDED from src\main\AndroidManifest.xml:22:5-75
	android:name
		ADDED from src\main\AndroidManifest.xml:22:22-72
uses-permission#android.permission.WRITE_SETTINGS
ADDED from src\main\AndroidManifest.xml:23:5-73
	android:name
		ADDED from src\main\AndroidManifest.xml:23:22-70
uses-permission#android.permission.BLUETOOTH
ADDED from src\main\AndroidManifest.xml:24:5-68
	android:name
		ADDED from src\main\AndroidManifest.xml:24:22-65
uses-permission#android.permission.BLUETOOTH_ADMIN
ADDED from src\main\AndroidManifest.xml:25:5-74
	android:name
		ADDED from src\main\AndroidManifest.xml:25:22-71
application
ADDED from src\main\AndroidManifest.xml:27:5-52:19
	android:label
		ADDED from src\main\AndroidManifest.xml:30:9-34
	android:allowBackup
		ADDED from src\main\AndroidManifest.xml:28:9-35
	android:icon
		ADDED from src\main\AndroidManifest.xml:29:9-45
	android:theme
		ADDED from src\main\AndroidManifest.xml:31:9-40
meta-data#com.baidu.lbsapi.API_KEY
ADDED from src\main\AndroidManifest.xml:33:9-35:56
	android:name
		ADDED from src\main\AndroidManifest.xml:34:13-52
	android:value
		ADDED from src\main\AndroidManifest.xml:35:13-53
activity#com.ano_rc.ano_rc_v1.MainActivity
ADDED from src\main\AndroidManifest.xml:36:9-44:20
	android:label
		ADDED from src\main\AndroidManifest.xml:38:13-38
	android:theme
		ADDED from src\main\AndroidManifest.xml:38:39-98
	android:name
		ADDED from src\main\AndroidManifest.xml:37:13-41
intent-filter#android.intent.action.MAIN+android.intent.category.LAUNCHER
ADDED from src\main\AndroidManifest.xml:39:13-43:29
action#android.intent.action.MAIN
ADDED from src\main\AndroidManifest.xml:40:17-69
	android:name
		ADDED from src\main\AndroidManifest.xml:40:25-66
category#android.intent.category.LAUNCHER
ADDED from src\main\AndroidManifest.xml:42:17-77
	android:name
		ADDED from src\main\AndroidManifest.xml:42:27-74
activity#com.ano_rc.ano_rc_v1.ActivityControl
ADDED from src\main\AndroidManifest.xml:45:6-123
	android:theme
		ADDED from src\main\AndroidManifest.xml:45:16-80
	android:name
		ADDED from src\main\AndroidManifest.xml:45:81-111
activity#com.ano_rc.ano_rc_v1.ActivityGPS
ADDED from src\main\AndroidManifest.xml:46:9-122
	android:theme
		ADDED from src\main\AndroidManifest.xml:46:19-83
	android:name
		ADDED from src\main\AndroidManifest.xml:46:84-110
activity#com.ano_rc.ano_rc_v1.ActivitySet
ADDED from src\main\AndroidManifest.xml:47:9-122
	android:theme
		ADDED from src\main\AndroidManifest.xml:47:19-83
	android:name
		ADDED from src\main\AndroidManifest.xml:47:84-110
activity#com.ano_rc.ano_rc_v1.ActivityPID
ADDED from src\main\AndroidManifest.xml:48:9-122
	android:theme
		ADDED from src\main\AndroidManifest.xml:48:19-83
	android:name
		ADDED from src\main\AndroidManifest.xml:48:84-110
activity#com.ano_rc.ano_rc_v1.ActivitySensor
ADDED from src\main\AndroidManifest.xml:49:9-125
	android:theme
		ADDED from src\main\AndroidManifest.xml:49:19-83
	android:name
		ADDED from src\main\AndroidManifest.xml:49:84-113
activity#com.ano_rc.ano_rc_v1.debug2_main
ADDED from src\main\AndroidManifest.xml:50:9-123
	android:theme
		ADDED from src\main\AndroidManifest.xml:50:19-83
	android:name
		ADDED from src\main\AndroidManifest.xml:50:84-111
activity#com.ano_rc.ano_rc_v1.ActivityBTDeviceList
ADDED from src\main\AndroidManifest.xml:51:9-110
	android:theme
		ADDED from src\main\AndroidManifest.xml:51:55-98
	android:name
		ADDED from src\main\AndroidManifest.xml:51:19-54